[0mCompiling "resources/public/js/compiled/mimas_devcards.js" from ["src"]...
notifying browser that file changed:  resources/public/js/compiled/devcards_out/goog/deps.js
notifying browser that file changed:  resources/public/js/compiled/devcards_out/cljs_deps.js
notifying browser that file changed:  out/cards/core.js
[32mSuccessfully compiled "resources/public/js/compiled/mimas_devcards.js" in 0.493 seconds.[0m
[0mCompiling "resources/public/js/compiled/mimas_devcards.js" from ["src"]...
notifying browser that file changed:  out/cards/core.js
[32mSuccessfully compiled "resources/public/js/compiled/mimas_devcards.js" in 0.313 seconds.[0m
[0mCompiling "resources/public/js/compiled/mimas_devcards.js" from ["src"]...
notifying browser that file changed:  out/cards/core.js
[32mSuccessfully compiled "resources/public/js/compiled/mimas_devcards.js" in 0.381 seconds.[0m
[0mCompiling "resources/public/js/compiled/mimas_devcards.js" from ["src"]...
notifying browser that file changed:  out/cards/core.js
[32mSuccessfully compiled "resources/public/js/compiled/mimas_devcards.js" in 0.326 seconds.[0m
[0mCompiling "resources/public/js/compiled/mimas_devcards.js" from ["src"]...
notifying browser that file changed:  out/cards/core.js
[32mSuccessfully compiled "resources/public/js/compiled/mimas_devcards.js" in 0.334 seconds.[0m
[0mCompiling "resources/public/js/compiled/mimas_devcards.js" from ["src"]...
notifying browser that file changed:  out/cards/core.js
[32mSuccessfully compiled "resources/public/js/compiled/mimas_devcards.js" in 0.331 seconds.[0m
[0mCompiling "resources/public/js/compiled/mimas_devcards.js" from ["src"]...
notifying browser that file changed:  resources/public/js/compiled/devcards_out/cljs_deps.js
notifying browser that file changed:  out/mimas/core.js
[32mSuccessfully compiled "resources/public/js/compiled/mimas_devcards.js" in 0.168 seconds.[0m
[0mCompiling "resources/public/js/compiled/mimas_devcards.js" from ["src"]...
notifying browser that file changed:  out/mimas/core.js
[32mSuccessfully compiled "resources/public/js/compiled/mimas_devcards.js" in 0.222 seconds.[0m
[0mCompiling "resources/public/js/compiled/mimas_devcards.js" from ["src"]...
WARNING: Use of undeclared Var cards.core/state at line 13 src/cards/core.cljs
WARNING: Use of undeclared Var cards.core/state at line 20 src/cards/core.cljs
WARNING: Use of undeclared Var cards.core/state at line 37 src/cards/core.cljs
WARNING: Use of undeclared Var cards.core/state at line 48 src/cards/core.cljs
WARNING: Use of undeclared Var cards.core/state at line 60 src/cards/core.cljs
WARNING: Use of undeclared Var cards.core/state at line 66 src/cards/core.cljs
notifying browser that file changed:  out/cards/core.js
[32mSuccessfully compiled "resources/public/js/compiled/mimas_devcards.js" in 0.467 seconds.[0m
[0mCompiling "resources/public/js/compiled/mimas_devcards.js" from ["src"]...
WARNING: Use of undeclared Var cards.core/state at line 12 src/cards/core.cljs
WARNING: Use of undeclared Var cards.core/state at line 19 src/cards/core.cljs
WARNING: Use of undeclared Var cards.core/state at line 36 src/cards/core.cljs
WARNING: Use of undeclared Var cards.core/state at line 47 src/cards/core.cljs
WARNING: Use of undeclared Var cards.core/state at line 59 src/cards/core.cljs
WARNING: Use of undeclared Var cards.core/state at line 65 src/cards/core.cljs
notifying browser that file changed:  out/cards/core.js
[32mSuccessfully compiled "resources/public/js/compiled/mimas_devcards.js" in 0.453 seconds.[0m
[0mCompiling "resources/public/js/compiled/mimas_devcards.js" from ["src"]...
notifying browser that file changed:  out/mimas/core.js
[32mSuccessfully compiled "resources/public/js/compiled/mimas_devcards.js" in 0.163 seconds.[0m
[0mCompiling "resources/public/js/compiled/mimas_devcards.js" from ["src"]...
WARNING: Use of undeclared Var cards.core/state at line 12 src/cards/core.cljs
WARNING: Use of undeclared Var cards.core/state at line 18 src/cards/core.cljs
WARNING: Use of undeclared Var cards.core/state at line 35 src/cards/core.cljs
WARNING: Use of undeclared Var cards.core/state at line 46 src/cards/core.cljs
WARNING: Use of undeclared Var cards.core/state at line 58 src/cards/core.cljs
WARNING: Use of undeclared Var cards.core/state at line 64 src/cards/core.cljs
notifying browser that file changed:  out/cards/core.js
[32mSuccessfully compiled "resources/public/js/compiled/mimas_devcards.js" in 0.485 seconds.[0m
[0mCompiling "resources/public/js/compiled/mimas_devcards.js" from ["src"]...
notifying browser that file changed:  resources/public/js/compiled/devcards_out/cljs_deps.js
notifying browser that file changed:  out/cards/core.js
[32mSuccessfully compiled "resources/public/js/compiled/mimas_devcards.js" in 0.358 seconds.[0m
[0mCompiling "resources/public/js/compiled/mimas_devcards.js" from ["src"]...
notifying browser that file changed:  out/mimas/core.js
[32mSuccessfully compiled "resources/public/js/compiled/mimas_devcards.js" in 0.309 seconds.[0m
[0mCompiling "resources/public/js/compiled/mimas_devcards.js" from ["src"]...
notifying browser that file changed:  out/mimas/core.js
[32mSuccessfully compiled "resources/public/js/compiled/mimas_devcards.js" in 0.329 seconds.[0m
[0mCompiling "resources/public/js/compiled/mimas_devcards.js" from ["src"]...
notifying browser that file changed:  out/mimas/core.js
[32mSuccessfully compiled "resources/public/js/compiled/mimas_devcards.js" in 0.358 seconds.[0m
[0mCompiling "resources/public/js/compiled/mimas_devcards.js" from ["src"]...
notifying browser that file changed:  out/mimas/core.js
[32mSuccessfully compiled "resources/public/js/compiled/mimas_devcards.js" in 0.316 seconds.[0m
[0mCompiling "resources/public/js/compiled/mimas_devcards.js" from ["src"]...
notifying browser that file changed:  out/mimas/core.js
[32mSuccessfully compiled "resources/public/js/compiled/mimas_devcards.js" in 0.333 seconds.[0m
[0mCompiling "resources/public/js/compiled/mimas_devcards.js" from ["src"]...
notifying browser that file changed:  out/mimas/core.js
[32mSuccessfully compiled "resources/public/js/compiled/mimas_devcards.js" in 0.327 seconds.[0m
[0mCompiling "resources/public/js/compiled/mimas_devcards.js" from ["src"]...
WARNING: Use of undeclared Var mimas.core/st at line 23 /home/andre/Projects/ClojureScript/mimas/src/mimas/core.cljs
WARNING: Use of undeclared Var mimas.core/st at line 26 /home/andre/Projects/ClojureScript/mimas/src/mimas/core.cljs
WARNING: Use of undeclared Var mimas.core/st at line 26 /home/andre/Projects/ClojureScript/mimas/src/mimas/core.cljs
notifying browser that file changed:  out/mimas/core.js
[32mSuccessfully compiled "resources/public/js/compiled/mimas_devcards.js" in 0.46 seconds.[0m
[0mCompiling "resources/public/js/compiled/mimas_devcards.js" from ["src"]...
notifying browser that file changed:  out/mimas/core.js
[32mSuccessfully compiled "resources/public/js/compiled/mimas_devcards.js" in 0.374 seconds.[0m
[0mCompiling "resources/public/js/compiled/mimas_devcards.js" from ["src"]...
notifying browser that file changed:  out/mimas/core.js
[32mSuccessfully compiled "resources/public/js/compiled/mimas_devcards.js" in 0.398 seconds.[0m
[0mCompiling "resources/public/js/compiled/mimas_devcards.js" from ["src"]...
notifying browser that file changed:  out/mimas/core.js
[32mSuccessfully compiled "resources/public/js/compiled/mimas_devcards.js" in 0.38 seconds.[0m
[0mCompiling "resources/public/js/compiled/mimas_devcards.js" from ["src"]...
notifying browser that file changed:  out/cards/core.js
[32mSuccessfully compiled "resources/public/js/compiled/mimas_devcards.js" in 0.274 seconds.[0m
[0mCompiling "resources/public/js/compiled/mimas_devcards.js" from ["src"]...
notifying browser that file changed:  out/cards/core.js
[32mSuccessfully compiled "resources/public/js/compiled/mimas_devcards.js" in 0.347 seconds.[0m
[0mCompiling "resources/public/js/compiled/mimas_devcards.js" from ["src"]...
notifying browser that file changed:  out/cards/core.js
[32mSuccessfully compiled "resources/public/js/compiled/mimas_devcards.js" in 0.273 seconds.[0m
[0mCompiling "resources/public/js/compiled/mimas_devcards.js" from ["src"]...
notifying browser that file changed:  out/cards/core.js
[32mSuccessfully compiled "resources/public/js/compiled/mimas_devcards.js" in 0.281 seconds.[0m
[0mCompiling "resources/public/js/compiled/mimas_devcards.js" from ["src"]...
notifying browser that file changed:  out/cards/core.js
[32mSuccessfully compiled "resources/public/js/compiled/mimas_devcards.js" in 0.271 seconds.[0m
[0mCompiling "resources/public/js/compiled/mimas_devcards.js" from ["src"]...
notifying browser that file changed:  out/cards/core.js
[32mSuccessfully compiled "resources/public/js/compiled/mimas_devcards.js" in 0.31 seconds.[0m
[0mCompiling "resources/public/js/compiled/mimas_devcards.js" from ["src"]...
notifying browser that file changed:  out/cards/core.js
[32mSuccessfully compiled "resources/public/js/compiled/mimas_devcards.js" in 0.237 seconds.[0m
[0mCompiling "resources/public/js/compiled/mimas_devcards.js" from ["src"]...
notifying browser that file changed:  out/cards/core.js
[32mSuccessfully compiled "resources/public/js/compiled/mimas_devcards.js" in 0.238 seconds.[0m
[0mCompiling "resources/public/js/compiled/mimas_devcards.js" from ["src"]...
notifying browser that file changed:  out/cards/core.js
[32mSuccessfully compiled "resources/public/js/compiled/mimas_devcards.js" in 0.227 seconds.[0m
[0mCompiling "resources/public/js/compiled/mimas_devcards.js" from ["src"]...
notifying browser that file changed:  out/mimas/core.js
[32mSuccessfully compiled "resources/public/js/compiled/mimas_devcards.js" in 0.283 seconds.[0m
[0mCompiling "resources/public/js/compiled/mimas_devcards.js" from ["src"]...
notifying browser that file changed:  out/mimas/core.js
[32mSuccessfully compiled "resources/public/js/compiled/mimas_devcards.js" in 0.297 seconds.[0m
[0mCompiling "resources/public/js/compiled/mimas_devcards.js" from ["src"]...
notifying browser that file changed:  out/mimas/core.js
[32mSuccessfully compiled "resources/public/js/compiled/mimas_devcards.js" in 0.314 seconds.[0m
[0mCompiling "resources/public/js/compiled/mimas_devcards.js" from ["src"]...
notifying browser that file changed:  out/cards/core.js
[32mSuccessfully compiled "resources/public/js/compiled/mimas_devcards.js" in 0.23 seconds.[0m
[0mCompiling "resources/public/js/compiled/mimas_devcards.js" from ["src"]...
[31mCompiling "resources/public/js/compiled/mimas_devcards.js" failed.
[0mANALYSIS ERROR: clojure.lang.PersistentList cannot be cast to clojure.lang.Associative at line 26 /home/andre/Projects/ClojureScript/mimas/src/cards/core.cljs on file /home/andre/Projects/ClojureScript/mimas/src/cards/core.cljs, line 26, column 1
[32mSuccessfully compiled "resources/public/js/compiled/mimas_devcards.js" in 0.17 seconds.[0m
[0mCompiling "resources/public/js/compiled/mimas_devcards.js" from ["src"]...
[31mCompiling "resources/public/js/compiled/mimas_devcards.js" failed.
[0mANALYSIS ERROR: clojure.lang.PersistentList cannot be cast to clojure.lang.Associative at line 26 /home/andre/Projects/ClojureScript/mimas/src/cards/core.cljs on file /home/andre/Projects/ClojureScript/mimas/src/cards/core.cljs, line 26, column 1
[32mSuccessfully compiled "resources/public/js/compiled/mimas_devcards.js" in 0.171 seconds.[0m
[0mCompiling "resources/public/js/compiled/mimas_devcards.js" from ["src"]...
WARNING: Use of undeclared Var cards.core/t at line 17 /home/andre/Projects/ClojureScript/mimas/src/cards/core.cljs
[31mCompiling "resources/public/js/compiled/mimas_devcards.js" failed.
[0mANALYSIS ERROR: clojure.lang.PersistentList cannot be cast to clojure.lang.Associative at line 25 /home/andre/Projects/ClojureScript/mimas/src/cards/core.cljs on file /home/andre/Projects/ClojureScript/mimas/src/cards/core.cljs, line 25, column 1
[32mSuccessfully compiled "resources/public/js/compiled/mimas_devcards.js" in 0.265 seconds.[0m
[0mCompiling "resources/public/js/compiled/mimas_devcards.js" from ["src"]...
WARNING: Use of undeclared Var cards.core/t at line 17 /home/andre/Projects/ClojureScript/mimas/src/cards/core.cljs
notifying browser that file changed:  out/cards/core.js
[32mSuccessfully compiled "resources/public/js/compiled/mimas_devcards.js" in 0.289 seconds.[0m
[0mCompiling "resources/public/js/compiled/mimas_devcards.js" from ["src"]...
notifying browser that file changed:  out/cards/core.js
[32mSuccessfully compiled "resources/public/js/compiled/mimas_devcards.js" in 0.246 seconds.[0m
[0mCompiling "resources/public/js/compiled/mimas_devcards.js" from ["src"]...
WARNING: No such namespace: r, could not locate r.cljs, r.cljc, or Closure namespace "" at line 3 src/mimas/db.cljs
WARNING: Use of undeclared Var r/atom at line 3 src/mimas/db.cljs
notifying browser that file changed:  resources/public/js/compiled/devcards_out/cljs_deps.js
notifying browser that file changed:  out/mimas/db.js
[32mSuccessfully compiled "resources/public/js/compiled/mimas_devcards.js" in 0.218 seconds.[0m
[0mCompiling "resources/public/js/compiled/mimas_devcards.js" from ["src"]...
[31mCompiling "resources/public/js/compiled/mimas_devcards.js" failed.
[0mANALYSIS ERROR: Referred var mimas.core/state does not exist on file null, line null, column null
[32mSuccessfully compiled "resources/public/js/compiled/mimas_devcards.js" in 0.171 seconds.[0m
[0mCompiling "resources/public/js/compiled/mimas_devcards.js" from ["src"]...
WARNING: No such namespace: r, could not locate r.cljs, r.cljc, or Closure namespace "" at line 3 src/mimas/db.cljs
WARNING: Use of undeclared Var r/atom at line 3 src/mimas/db.cljs
notifying browser that file changed:  out/mimas/db.js
[32mSuccessfully compiled "resources/public/js/compiled/mimas_devcards.js" in 0.22 seconds.[0m
[0mCompiling "resources/public/js/compiled/mimas_devcards.js" from ["src"]...
WARNING: No such namespace: r, could not locate r.cljs, r.cljc, or Closure namespace "" at line 3 src/mimas/db.cljs
WARNING: Use of undeclared Var r/atom at line 3 src/mimas/db.cljs
notifying browser that file changed:  out/mimas/db.js
[32mSuccessfully compiled "resources/public/js/compiled/mimas_devcards.js" in 0.214 seconds.[0m
[0mCompiling "resources/public/js/compiled/mimas_devcards.js" from ["src"]...
WARNING: No such namespace: r, could not locate r.cljs, r.cljc, or Closure namespace "" at line 3 src/mimas/db.cljs
WARNING: Use of undeclared Var r/atom at line 3 src/mimas/db.cljs
notifying browser that file changed:  out/mimas/db.js
[32mSuccessfully compiled "resources/public/js/compiled/mimas_devcards.js" in 0.266 seconds.[0m
[0mCompiling "resources/public/js/compiled/mimas_devcards.js" from ["src"]...
WARNING: No such namespace: r, could not locate r.cljs, r.cljc, or Closure namespace "" at line 4 src/mimas/db.cljs
WARNING: Use of undeclared Var r/atom at line 4 src/mimas/db.cljs
notifying browser that file changed:  out/mimas/db.js
[32mSuccessfully compiled "resources/public/js/compiled/mimas_devcards.js" in 0.225 seconds.[0m
[0mCompiling "resources/public/js/compiled/mimas_devcards.js" from ["src"]...
WARNING: No such namespace: r, could not locate r.cljs, r.cljc, or Closure namespace "" at line 4 src/mimas/db.cljs
WARNING: Use of undeclared Var r/atom at line 4 src/mimas/db.cljs
notifying browser that file changed:  out/mimas/db.js
[32mSuccessfully compiled "resources/public/js/compiled/mimas_devcards.js" in 0.206 seconds.[0m
[0mCompiling "resources/public/js/compiled/mimas_devcards.js" from ["src"]...
notifying browser that file changed:  resources/public/js/compiled/devcards_out/cljs_deps.js
notifying browser that file changed:  out/mimas/subs.js
[32mSuccessfully compiled "resources/public/js/compiled/mimas_devcards.js" in 0.705 seconds.[0m
[0mCompiling "resources/public/js/compiled/mimas_devcards.js" from ["src"]...
notifying browser that file changed:  out/mimas/subs.js
[32mSuccessfully compiled "resources/public/js/compiled/mimas_devcards.js" in 0.189 seconds.[0m
[0mCompiling "resources/public/js/compiled/mimas_devcards.js" from ["src"]...
notifying browser that file changed:  out/mimas/subs.js
[32mSuccessfully compiled "resources/public/js/compiled/mimas_devcards.js" in 0.179 seconds.[0m
[0mCompiling "resources/public/js/compiled/mimas_devcards.js" from ["src"]...
notifying browser that file changed:  out/mimas/subs.js
[32mSuccessfully compiled "resources/public/js/compiled/mimas_devcards.js" in 0.191 seconds.[0m
[0mCompiling "resources/public/js/compiled/mimas_devcards.js" from ["src"]...
[31mCompiling "resources/public/js/compiled/mimas_devcards.js" failed.
[0mANALYSIS ERROR: Referred var mimas.core/state does not exist on file null, line null, column null
[32mSuccessfully compiled "resources/public/js/compiled/mimas_devcards.js" in 0.142 seconds.[0m
[0mCompiling "resources/public/js/compiled/mimas_devcards.js" from ["src"]...
notifying browser that file changed:  resources/public/js/compiled/devcards_out/cljs_deps.js
notifying browser that file changed:  out/cards/core.js
[32mSuccessfully compiled "resources/public/js/compiled/mimas_devcards.js" in 0.24 seconds.[0m
[0mCompiling "resources/public/js/compiled/mimas_devcards.js" from ["src"]...
notifying browser that file changed:  out/cards/core.js
[32mSuccessfully compiled "resources/public/js/compiled/mimas_devcards.js" in 0.244 seconds.[0m
[0mCompiling "resources/public/js/compiled/mimas_devcards.js" from ["src"]...
notifying browser that file changed:  out/cards/core.js
[32mSuccessfully compiled "resources/public/js/compiled/mimas_devcards.js" in 0.236 seconds.[0m
[0mCompiling "resources/public/js/compiled/mimas_devcards.js" from ["src"]...
WARNING: state already refers to: cards.core/state being replaced by: cards.core/state at line 20 src/cards/core.cljs
notifying browser that file changed:  out/cards/core.js
[32mSuccessfully compiled "resources/public/js/compiled/mimas_devcards.js" in 0.294 seconds.[0m
[0mCompiling "resources/public/js/compiled/mimas_devcards.js" from ["src"]...
notifying browser that file changed:  out/cards/core.js
[32mSuccessfully compiled "resources/public/js/compiled/mimas_devcards.js" in 0.232 seconds.[0m
[0mCompiling "resources/public/js/compiled/mimas_devcards.js" from ["src"]...
WARNING: Use of undeclared Var cards.core/title-subs at line 19 src/cards/core.cljs
notifying browser that file changed:  out/cards/core.js
[32mSuccessfully compiled "resources/public/js/compiled/mimas_devcards.js" in 0.336 seconds.[0m
[0mCompiling "resources/public/js/compiled/mimas_devcards.js" from ["src"]...
WARNING: Use of undeclared Var cards.core/title-subs at line 19 src/cards/core.cljs
notifying browser that file changed:  out/cards/core.js
[32mSuccessfully compiled "resources/public/js/compiled/mimas_devcards.js" in 0.296 seconds.[0m
[0mCompiling "resources/public/js/compiled/mimas_devcards.js" from ["src"]...
notifying browser that file changed:  out/cards/core.js
[32mSuccessfully compiled "resources/public/js/compiled/mimas_devcards.js" in 0.232 seconds.[0m
[0mCompiling "resources/public/js/compiled/mimas_devcards.js" from ["src"]...
notifying browser that file changed:  out/cards/core.js
[32mSuccessfully compiled "resources/public/js/compiled/mimas_devcards.js" in 0.246 seconds.[0m
[0mCompiling "resources/public/js/compiled/mimas_devcards.js" from ["src"]...
notifying browser that file changed:  resources/public/js/compiled/devcards_out/cljs_deps.js
notifying browser that file changed:  out/cards/core.js
[32mSuccessfully compiled "resources/public/js/compiled/mimas_devcards.js" in 0.254 seconds.[0m
[0mCompiling "resources/public/js/compiled/mimas_devcards.js" from ["src"]...
notifying browser that file changed:  resources/public/js/compiled/devcards_out/cljs_deps.js
notifying browser that file changed:  out/mimas/db.js
[32mSuccessfully compiled "resources/public/js/compiled/mimas_devcards.js" in 0.399 seconds.[0m
[0mCompiling "resources/public/js/compiled/mimas_devcards.js" from ["src"]...
notifying browser that file changed:  out/cards/core.js
[32mSuccessfully compiled "resources/public/js/compiled/mimas_devcards.js" in 0.287 seconds.[0m
[0mCompiling "resources/public/js/compiled/mimas_devcards.js" from ["src"]...
notifying browser that file changed:  out/cards/core.js
[32mSuccessfully compiled "resources/public/js/compiled/mimas_devcards.js" in 0.249 seconds.[0m
[0mCompiling "resources/public/js/compiled/mimas_devcards.js" from ["src"]...
notifying browser that file changed:  out/cards/core.js
[32mSuccessfully compiled "resources/public/js/compiled/mimas_devcards.js" in 0.273 seconds.[0m
[0mCompiling "resources/public/js/compiled/mimas_devcards.js" from ["src"]...
notifying browser that file changed:  out/cards/core.js
[32mSuccessfully compiled "resources/public/js/compiled/mimas_devcards.js" in 0.239 seconds.[0m
[0mCompiling "resources/public/js/compiled/mimas_devcards.js" from ["src"]...
notifying browser that file changed:  out/cards/core.js
[32mSuccessfully compiled "resources/public/js/compiled/mimas_devcards.js" in 0.237 seconds.[0m
[0mCompiling "resources/public/js/compiled/mimas_devcards.js" from ["src"]...
notifying browser that file changed:  out/cards/core.js
[32mSuccessfully compiled "resources/public/js/compiled/mimas_devcards.js" in 0.256 seconds.[0m
[0mCompiling "resources/public/js/compiled/mimas_devcards.js" from ["src"]...
notifying browser that file changed:  out/mimas/subs.js
[32mSuccessfully compiled "resources/public/js/compiled/mimas_devcards.js" in 0.263 seconds.[0m
[0mCompiling "resources/public/js/compiled/mimas_devcards.js" from ["src"]...
notifying browser that file changed:  resources/public/js/compiled/devcards_out/cljs_deps.js
notifying browser that file changed:  out/mimas/handlers.js
[32mSuccessfully compiled "resources/public/js/compiled/mimas_devcards.js" in 0.183 seconds.[0m
[0mCompiling "resources/public/js/compiled/mimas_devcards.js" from ["src"]...
notifying browser that file changed:  out/mimas/handlers.js
[32mSuccessfully compiled "resources/public/js/compiled/mimas_devcards.js" in 0.185 seconds.[0m
[0mCompiling "resources/public/js/compiled/mimas_devcards.js" from ["src"]...
notifying browser that file changed:  resources/public/js/compiled/devcards_out/cljs_deps.js
notifying browser that file changed:  out/cards/core.js
[32mSuccessfully compiled "resources/public/js/compiled/mimas_devcards.js" in 0.38 seconds.[0m
[0mCompiling "resources/public/js/compiled/mimas_devcards.js" from ["src"]...
notifying browser that file changed:  out/cards/core.js
[32mSuccessfully compiled "resources/public/js/compiled/mimas_devcards.js" in 0.251 seconds.[0m
[0mCompiling "resources/public/js/compiled/mimas_devcards.js" from ["src"]...
notifying browser that file changed:  out/cards/core.js
[32mSuccessfully compiled "resources/public/js/compiled/mimas_devcards.js" in 0.251 seconds.[0m
[0mCompiling "resources/public/js/compiled/mimas_devcards.js" from ["src"]...
[31mCompiling "resources/public/js/compiled/mimas_devcards.js" failed.
[0mERROR: EOF while reading, starting at line 6 and column 1 on file /home/andre/Projects/ClojureScript/mimas/src/mimas/handlers.cljs, line 11, column 1
[32mSuccessfully compiled "resources/public/js/compiled/mimas_devcards.js" in 0.151 seconds.[0m
[0mCompiling "resources/public/js/compiled/mimas_devcards.js" from ["src"]...
[31mCompiling "resources/public/js/compiled/mimas_devcards.js" failed.
[0mERROR: EOF while reading, starting at line 6 and column 1 on file /home/andre/Projects/ClojureScript/mimas/src/mimas/handlers.cljs, line 11, column 1
[32mSuccessfully compiled "resources/public/js/compiled/mimas_devcards.js" in 0.142 seconds.[0m
[0mCompiling "resources/public/js/compiled/mimas_devcards.js" from ["src"]...
notifying browser that file changed:  out/mimas/handlers.js
[32mSuccessfully compiled "resources/public/js/compiled/mimas_devcards.js" in 0.242 seconds.[0m
[0mCompiling "resources/public/js/compiled/mimas_devcards.js" from ["src"]...
notifying browser that file changed:  out/cards/core.js
[32mSuccessfully compiled "resources/public/js/compiled/mimas_devcards.js" in 0.24 seconds.[0m
[0mCompiling "resources/public/js/compiled/mimas_devcards.js" from ["src"]...
notifying browser that file changed:  out/cards/core.js
[32mSuccessfully compiled "resources/public/js/compiled/mimas_devcards.js" in 0.269 seconds.[0m
[0mCompiling "resources/public/js/compiled/mimas_devcards.js" from ["src"]...
notifying browser that file changed:  out/cards/core.js
[32mSuccessfully compiled "resources/public/js/compiled/mimas_devcards.js" in 0.239 seconds.[0m
[0mCompiling "resources/public/js/compiled/mimas_devcards.js" from ["src"]...
notifying browser that file changed:  out/cards/core.js
[32mSuccessfully compiled "resources/public/js/compiled/mimas_devcards.js" in 0.257 seconds.[0m
[0mCompiling "resources/public/js/compiled/mimas_devcards.js" from ["src"]...
notifying browser that file changed:  out/mimas/subs.js
[32mSuccessfully compiled "resources/public/js/compiled/mimas_devcards.js" in 0.25 seconds.[0m
[0mCompiling "resources/public/js/compiled/mimas_devcards.js" from ["src"]...
notifying browser that file changed:  out/mimas/subs.js
[32mSuccessfully compiled "resources/public/js/compiled/mimas_devcards.js" in 0.242 seconds.[0m
[0mCompiling "resources/public/js/compiled/mimas_devcards.js" from ["src"]...
notifying browser that file changed:  out/mimas/subs.js
[32mSuccessfully compiled "resources/public/js/compiled/mimas_devcards.js" in 0.237 seconds.[0m
[0mCompiling "resources/public/js/compiled/mimas.js" from ["src"]...
notifying browser that file changed:  resources/public/js/compiled/out/goog/deps.js
notifying browser that file changed:  resources/public/js/compiled/out/cljs_deps.js
notifying browser that file changed:  out/mimas/subs.js
[32mSuccessfully compiled "resources/public/js/compiled/mimas.js" in 0.279 seconds.[0m
[0mCompiling "resources/public/js/compiled/mimas.js" from ["src"]...
notifying browser that file changed:  out/mimas/subs.js
[32mSuccessfully compiled "resources/public/js/compiled/mimas.js" in 0.229 seconds.[0m
[0mCompiling "resources/public/js/compiled/mimas.js" from ["src"]...
notifying browser that file changed:  out/mimas/subs.js
[32mSuccessfully compiled "resources/public/js/compiled/mimas.js" in 0.18 seconds.[0m
[0mCompiling "resources/public/js/compiled/mimas.js" from ["src"]...
notifying browser that file changed:  out/mimas/db.js
[32mSuccessfully compiled "resources/public/js/compiled/mimas.js" in 0.199 seconds.[0m
[0mCompiling "resources/public/js/compiled/mimas.js" from ["src"]...
notifying browser that file changed:  out/mimas/db.js
[32mSuccessfully compiled "resources/public/js/compiled/mimas.js" in 0.189 seconds.[0m
[0mCompiling "resources/public/js/compiled/mimas.js" from ["src"]...
notifying browser that file changed:  out/mimas/handlers.js
[32mSuccessfully compiled "resources/public/js/compiled/mimas.js" in 0.171 seconds.[0m
[0mCompiling "resources/public/js/compiled/mimas.js" from ["src"]...
notifying browser that file changed:  out/mimas/handlers.js
[32mSuccessfully compiled "resources/public/js/compiled/mimas.js" in 0.172 seconds.[0m
[0mCompiling "resources/public/js/compiled/mimas.js" from ["src"]...
notifying browser that file changed:  out/mimas/db.js
[32mSuccessfully compiled "resources/public/js/compiled/mimas.js" in 0.186 seconds.[0m
[0mCompiling "resources/public/js/compiled/mimas.js" from ["src"]...
notifying browser that file changed:  out/mimas/subs.js
[32mSuccessfully compiled "resources/public/js/compiled/mimas.js" in 0.176 seconds.[0m
[0mCompiling "resources/public/js/compiled/mimas.js" from ["src"]...
notifying browser that file changed:  out/mimas/subs.js
[32mSuccessfully compiled "resources/public/js/compiled/mimas.js" in 0.201 seconds.[0m
[0mCompiling "resources/public/js/compiled/mimas.js" from ["src"]...
WARNING: Use of undeclared Var mimas.core/subscribe at line 29 src/mimas/core.cljs
notifying browser that file changed:  out/mimas/core.js
[32mSuccessfully compiled "resources/public/js/compiled/mimas.js" in 0.276 seconds.[0m
[0mCompiling "resources/public/js/compiled/mimas.js" from ["src"]...
WARNING: Use of undeclared Var mimas.core/subscribe at line 29 src/mimas/core.cljs
notifying browser that file changed:  out/mimas/core.js
[32mSuccessfully compiled "resources/public/js/compiled/mimas.js" in 0.266 seconds.[0m
[0mCompiling "resources/public/js/compiled/mimas.js" from ["src"]...
WARNING: Use of undeclared Var mimas.core/subscribe at line 29 src/mimas/core.cljs
WARNING: Use of undeclared Var mimas.core/dispatch-sync at line 36 src/mimas/core.cljs
notifying browser that file changed:  out/mimas/core.js
[32mSuccessfully compiled "resources/public/js/compiled/mimas.js" in 0.303 seconds.[0m
[0mCompiling "resources/public/js/compiled/mimas.js" from ["src"]...
WARNING: Use of undeclared Var mimas.core/subscribe at line 29 src/mimas/core.cljs
WARNING: Use of undeclared Var mimas.core/dispatch-sync at line 36 src/mimas/core.cljs
WARNING: Wrong number of args (1) passed to reagent.core/render at line 37 src/mimas/core.cljs
notifying browser that file changed:  out/mimas/core.js
[32mSuccessfully compiled "resources/public/js/compiled/mimas.js" in 0.291 seconds.[0m
[0mCompiling "resources/public/js/compiled/mimas.js" from ["src"]...
WARNING: Use of undeclared Var mimas.core/subscribe at line 30 src/mimas/core.cljs
WARNING: Use of undeclared Var mimas.core/dispatch-sync at line 37 src/mimas/core.cljs
WARNING: Wrong number of args (1) passed to reagent.core/render at line 38 src/mimas/core.cljs
notifying browser that file changed:  resources/public/js/compiled/out/cljs_deps.js
notifying browser that file changed:  out/mimas/core.js
[32mSuccessfully compiled "resources/public/js/compiled/mimas.js" in 0.328 seconds.[0m
[0mCompiling "resources/public/js/compiled/mimas.js" from ["src"]...
WARNING: Use of undeclared Var mimas.core/subscribe at line 30 src/mimas/core.cljs
WARNING: Use of undeclared Var mimas.core/dispatch-sync at line 37 src/mimas/core.cljs
notifying browser that file changed:  out/mimas/core.js
[32mSuccessfully compiled "resources/public/js/compiled/mimas.js" in 0.289 seconds.[0m
[0mCompiling "resources/public/js/compiled/mimas.js" from ["src"]...
notifying browser that file changed:  out/mimas/core.js
[32mSuccessfully compiled "resources/public/js/compiled/mimas.js" in 0.149 seconds.[0m
[0mCompiling "resources/public/js/compiled/mimas.js" from ["src"]...
WARNING: Use of undeclared Var mimas.core/subscribe at line 30 src/mimas/core.cljs
WARNING: Use of undeclared Var mimas.core/dispatch-sync at line 36 src/mimas/core.cljs
notifying browser that file changed:  out/mimas/core.js
[32mSuccessfully compiled "resources/public/js/compiled/mimas.js" in 0.297 seconds.[0m
[0mCompiling "resources/public/js/compiled/mimas.js" from ["src"]...
WARNING: Use of undeclared Var mimas.core/subscribe at line 30 src/mimas/core.cljs
WARNING: Use of undeclared Var mimas.core/dispatch-sync at line 36 src/mimas/core.cljs
notifying browser that file changed:  out/mimas/core.js
[32mSuccessfully compiled "resources/public/js/compiled/mimas.js" in 0.278 seconds.[0m
[0mCompiling "resources/public/js/compiled/mimas.js" from ["src"]...
notifying browser that file changed:  resources/public/js/compiled/out/cljs_deps.js
notifying browser that file changed:  out/mimas/core.js
[32mSuccessfully compiled "resources/public/js/compiled/mimas.js" in 0.225 seconds.[0m
[0mCompiling "resources/public/js/compiled/mimas.js" from ["src"]...
notifying browser that file changed:  resources/public/js/compiled/out/cljs_deps.js
notifying browser that file changed:  out/mimas/core.js
[32mSuccessfully compiled "resources/public/js/compiled/mimas.js" in 0.238 seconds.[0m
[0mCompiling "resources/public/js/compiled/mimas.js" from ["src"]...
notifying browser that file changed:  out/mimas/core.js
[32mSuccessfully compiled "resources/public/js/compiled/mimas.js" in 0.236 seconds.[0m
[0mCompiling "resources/public/js/compiled/mimas.js" from ["src"]...
notifying browser that file changed:  out/mimas/core.js
[32mSuccessfully compiled "resources/public/js/compiled/mimas.js" in 0.233 seconds.[0m
[0mCompiling "resources/public/js/compiled/mimas.js" from ["src"]...
notifying browser that file changed:  out/mimas/core.js
[32mSuccessfully compiled "resources/public/js/compiled/mimas.js" in 0.239 seconds.[0m
[0mCompiling "resources/public/js/compiled/mimas.js" from ["src"]...
notifying browser that file changed:  out/mimas/core.js
[32mSuccessfully compiled "resources/public/js/compiled/mimas.js" in 0.246 seconds.[0m
[0mCompiling "resources/public/js/compiled/mimas.js" from ["src"]...
notifying browser that file changed:  out/mimas/core.js
[32mSuccessfully compiled "resources/public/js/compiled/mimas.js" in 0.242 seconds.[0m
[0mCompiling "resources/public/js/compiled/mimas.js" from ["src"]...
notifying browser that file changed:  out/mimas/core.js
[32mSuccessfully compiled "resources/public/js/compiled/mimas.js" in 0.249 seconds.[0m
[0mCompiling "resources/public/js/compiled/mimas.js" from ["src"]...
notifying browser that file changed:  out/cards/core.js
[32mSuccessfully compiled "resources/public/js/compiled/mimas.js" in 0.178 seconds.[0m
[0mCompiling "resources/public/js/compiled/mimas.js" from ["src"]...
notifying browser that file changed:  out/mimas/core.js
[32mSuccessfully compiled "resources/public/js/compiled/mimas.js" in 0.253 seconds.[0m
[0mCompiling "resources/public/js/compiled/mimas.js" from ["src"]...
notifying browser that file changed:  out/cards/core.js
[32mSuccessfully compiled "resources/public/js/compiled/mimas.js" in 0.221 seconds.[0m
[0mCompiling "resources/public/js/compiled/mimas.js" from ["src"]...
notifying browser that file changed:  out/cards/core.js
[32mSuccessfully compiled "resources/public/js/compiled/mimas.js" in 0.178 seconds.[0m
[0mCompiling "resources/public/js/compiled/mimas.js" from ["src"]...
notifying browser that file changed:  out/mimas/core.js
[32mSuccessfully compiled "resources/public/js/compiled/mimas.js" in 0.235 seconds.[0m
[0mCompiling "resources/public/js/compiled/mimas.js" from ["src"]...
notifying browser that file changed:  out/mimas/core.js
[32mSuccessfully compiled "resources/public/js/compiled/mimas.js" in 0.255 seconds.[0m
[0mCompiling "resources/public/js/compiled/mimas.js" from ["src"]...
notifying browser that file changed:  out/mimas/core.js
[32mSuccessfully compiled "resources/public/js/compiled/mimas.js" in 0.253 seconds.[0m
[0mCompiling "resources/public/js/compiled/mimas.js" from ["src"]...
notifying browser that file changed:  out/mimas/core.js
[32mSuccessfully compiled "resources/public/js/compiled/mimas.js" in 0.249 seconds.[0m
[0mCompiling "resources/public/js/compiled/mimas_devcards.js" from ["src"]...
notifying browser that file changed:  resources/public/js/compiled/devcards_out/cljs_deps.js
notifying browser that file changed:  out/cards/core.js
[32mSuccessfully compiled "resources/public/js/compiled/mimas_devcards.js" in 0.269 seconds.[0m
[0mCompiling "resources/public/js/compiled/mimas_devcards.js" from ["src"]...
notifying browser that file changed:  out/cards/core.js
[32mSuccessfully compiled "resources/public/js/compiled/mimas_devcards.js" in 0.25 seconds.[0m
[0mCompiling "resources/public/js/compiled/mimas_devcards.js" from ["src"]...
notifying browser that file changed:  out/cards/core.js
[32mSuccessfully compiled "resources/public/js/compiled/mimas_devcards.js" in 0.306 seconds.[0m
[0mCompiling "resources/public/js/compiled/mimas_devcards.js" from ["src"]...
notifying browser that file changed:  out/cards/core.js
[32mSuccessfully compiled "resources/public/js/compiled/mimas_devcards.js" in 0.243 seconds.[0m
[0mCompiling "resources/public/js/compiled/mimas_devcards.js" from ["src"]...
notifying browser that file changed:  out/cards/core.js
[32mSuccessfully compiled "resources/public/js/compiled/mimas_devcards.js" in 0.259 seconds.[0m
[0mCompiling "resources/public/js/compiled/mimas_devcards.js" from ["src"]...
notifying browser that file changed:  out/cards/core.js
[32mSuccessfully compiled "resources/public/js/compiled/mimas_devcards.js" in 0.287 seconds.[0m
[0mCompiling "resources/public/js/compiled/mimas_devcards.js" from ["src"]...
notifying browser that file changed:  out/cards/core.js
[32mSuccessfully compiled "resources/public/js/compiled/mimas_devcards.js" in 0.275 seconds.[0m
[0mCompiling "resources/public/js/compiled/mimas_devcards.js" from ["src"]...
notifying browser that file changed:  out/cards/core.js
[32mSuccessfully compiled "resources/public/js/compiled/mimas_devcards.js" in 0.272 seconds.[0m
[0mCompiling "resources/public/js/compiled/mimas_devcards.js" from ["src"]...
notifying browser that file changed:  out/cards/core.js
[32mSuccessfully compiled "resources/public/js/compiled/mimas_devcards.js" in 0.285 seconds.[0m
[0mCompiling "resources/public/js/compiled/mimas_devcards.js" from ["src"]...
notifying browser that file changed:  out/cards/core.js
[32mSuccessfully compiled "resources/public/js/compiled/mimas_devcards.js" in 0.291 seconds.[0m
[0mCompiling "resources/public/js/compiled/mimas_devcards.js" from ["src"]...
notifying browser that file changed:  out/cards/core.js
[32mSuccessfully compiled "resources/public/js/compiled/mimas_devcards.js" in 0.291 seconds.[0m
[0mCompiling "resources/public/js/compiled/mimas_devcards.js" from ["src"]...
notifying browser that file changed:  out/cards/core.js
[32mSuccessfully compiled "resources/public/js/compiled/mimas_devcards.js" in 0.333 seconds.[0m
[0mCompiling "resources/public/js/compiled/mimas_devcards.js" from ["src"]...
notifying browser that file changed:  out/cards/core.js
[32mSuccessfully compiled "resources/public/js/compiled/mimas_devcards.js" in 0.29 seconds.[0m
[0mCompiling "resources/public/js/compiled/mimas_devcards.js" from ["src"]...
notifying browser that file changed:  out/cards/core.js
[32mSuccessfully compiled "resources/public/js/compiled/mimas_devcards.js" in 0.298 seconds.[0m
[0mCompiling "resources/public/js/compiled/mimas_devcards.js" from ["src"]...
notifying browser that file changed:  out/cards/core.js
[32mSuccessfully compiled "resources/public/js/compiled/mimas_devcards.js" in 0.259 seconds.[0m
[0mCompiling "resources/public/js/compiled/mimas_devcards.js" from ["src"]...
notifying browser that file changed:  out/cards/core.js
[32mSuccessfully compiled "resources/public/js/compiled/mimas_devcards.js" in 0.295 seconds.[0m
[0mCompiling "resources/public/js/compiled/mimas_devcards.js" from ["src"]...
notifying browser that file changed:  out/cards/core.js
[32mSuccessfully compiled "resources/public/js/compiled/mimas_devcards.js" in 0.292 seconds.[0m
[0mCompiling "resources/public/js/compiled/mimas_devcards.js" from ["src"]...
notifying browser that file changed:  out/cards/core.js
[32mSuccessfully compiled "resources/public/js/compiled/mimas_devcards.js" in 0.299 seconds.[0m
[0mCompiling "resources/public/js/compiled/mimas_devcards.js" from ["src"]...
notifying browser that file changed:  out/cards/core.js
[32mSuccessfully compiled "resources/public/js/compiled/mimas_devcards.js" in 0.326 seconds.[0m
[0mCompiling "resources/public/js/compiled/mimas_devcards.js" from ["src"]...
notifying browser that file changed:  out/cards/core.js
[32mSuccessfully compiled "resources/public/js/compiled/mimas_devcards.js" in 0.334 seconds.[0m
[0mCompiling "resources/public/js/compiled/mimas_devcards.js" from ["src"]...
notifying browser that file changed:  out/mimas/subs.js
[32mSuccessfully compiled "resources/public/js/compiled/mimas_devcards.js" in 0.373 seconds.[0m
[0mCompiling "resources/public/js/compiled/mimas_devcards.js" from ["src"]...
notifying browser that file changed:  out/mimas/subs.js
[32mSuccessfully compiled "resources/public/js/compiled/mimas_devcards.js" in 0.401 seconds.[0m
[0mCompiling "resources/public/js/compiled/mimas_devcards.js" from ["src"]...
notifying browser that file changed:  out/mimas/subs.js
[32mSuccessfully compiled "resources/public/js/compiled/mimas_devcards.js" in 0.437 seconds.[0m
[0mCompiling "resources/public/js/compiled/mimas_devcards.js" from ["src"]...
notifying browser that file changed:  out/mimas/subs.js
[32mSuccessfully compiled "resources/public/js/compiled/mimas_devcards.js" in 0.367 seconds.[0m
[0mCompiling "resources/public/js/compiled/mimas_devcards.js" from ["src"]...
notifying browser that file changed:  out/mimas/subs.js
[32mSuccessfully compiled "resources/public/js/compiled/mimas_devcards.js" in 0.38 seconds.[0m
[0mCompiling "resources/public/js/compiled/mimas_devcards.js" from ["src"]...
notifying browser that file changed:  out/mimas/subs.js
[32mSuccessfully compiled "resources/public/js/compiled/mimas_devcards.js" in 0.366 seconds.[0m
[0mCompiling "resources/public/js/compiled/mimas_devcards.js" from ["src"]...
notifying browser that file changed:  out/mimas/subs.js
[32mSuccessfully compiled "resources/public/js/compiled/mimas_devcards.js" in 0.366 seconds.[0m
[0mCompiling "resources/public/js/compiled/mimas_devcards.js" from ["src"]...
notifying browser that file changed:  out/cards/core.js
[32mSuccessfully compiled "resources/public/js/compiled/mimas_devcards.js" in 0.285 seconds.[0m
[0mCompiling "resources/public/js/compiled/mimas_devcards.js" from ["src"]...
notifying browser that file changed:  out/cards/core.js
[32mSuccessfully compiled "resources/public/js/compiled/mimas_devcards.js" in 0.289 seconds.[0m
[0mCompiling "resources/public/js/compiled/mimas_devcards.js" from ["src"]...
notifying browser that file changed:  out/cards/core.js
[32mSuccessfully compiled "resources/public/js/compiled/mimas_devcards.js" in 0.325 seconds.[0m
[0mCompiling "resources/public/js/compiled/mimas_devcards.js" from ["src"]...
notifying browser that file changed:  out/cards/core.js
[32mSuccessfully compiled "resources/public/js/compiled/mimas_devcards.js" in 0.316 seconds.[0m
[0mCompiling "resources/public/js/compiled/mimas_devcards.js" from ["src"]...
notifying browser that file changed:  out/cards/core.js
[32mSuccessfully compiled "resources/public/js/compiled/mimas_devcards.js" in 0.315 seconds.[0m
[0mCompiling "resources/public/js/compiled/mimas_devcards.js" from ["src"]...
notifying browser that file changed:  out/cards/core.js
[32mSuccessfully compiled "resources/public/js/compiled/mimas_devcards.js" in 0.323 seconds.[0m
[0mCompiling "resources/public/js/compiled/mimas_devcards.js" from ["src"]...
notifying browser that file changed:  out/cards/core.js
[32mSuccessfully compiled "resources/public/js/compiled/mimas_devcards.js" in 0.33 seconds.[0m
